{"uuid":"0d59ebf9-1dd1-47cb-9d88-774a7f66b8e2","historyId":"893805bb8ed2433aedd7209858f26191","fullName":"To verify and validate Registration Page: The user is presented with error message for empty fields below Password textbox","labels":[{"name":"host","value":"LAPTOP-O96ATTOQ"},{"name":"thread","value":"52204@LAPTOP-O96ATTOQ.main(1)"},{"name":"feature","value":"To verify and validate Registration Page"},{"name":"story","value":"The user is presented with error message for empty fields below Password textbox"},{"name":"suite","value":"To verify and validate Registration Page"},{"name":"testClass","value":"The user is presented with error message for empty fields below Password textbox"},{"name":"framework","value":"cucumber4jvm"},{"name":"language","value":"java"},{"name":"gherkin_uri","value":"file:///C:/Users/Padma/eclipse-kalpanasworkspace/SDET100/ninja+project/src/test/resources/features/TC2_Register.feature"},{"name":"package","value":"src.test.resources.features.TC2_Register_feature.To verify and validate Registration Page"}],"links":[],"name":"The user is presented with error message for empty fields below Password textbox","status":"broken","statusDetails":{"known":false,"muted":false,"flaky":false,"message":"Unable to find element with locator By.xpath: //input[@id='id_username']\nFor documentation on this error, please visit: https://selenium.dev/exceptions/#no_such_element\nBuild info: version: '4.8.1', revision: '8ebccac989'\nSystem info: os.name: 'Windows 10', os.arch: 'amd64', os.version: '10.0', java.version: '19.0.1'\nDriver info: driver.version: RemoteWebDriver","trace":"org.openqa.selenium.NoSuchElementException: Unable to find element with locator By.xpath: //input[@id='id_username']\nFor documentation on this error, please visit: https://selenium.dev/exceptions/#no_such_element\nBuild info: version: '4.8.1', revision: '8ebccac989'\nSystem info: os.name: 'Windows 10', os.arch: 'amd64', os.version: '10.0', java.version: '19.0.1'\nDriver info: driver.version: RemoteWebDriver\r\n\tat org.openqa.selenium.remote.ElementLocation$ElementFinder$2.findElement(ElementLocation.java:165)\r\n\tat org.openqa.selenium.remote.ElementLocation.findElement(ElementLocation.java:60)\r\n\tat org.openqa.selenium.remote.RemoteWebDriver.findElement(RemoteWebDriver.java:352)\r\n\tat org.openqa.selenium.remote.RemoteWebDriver.findElement(RemoteWebDriver.java:344)\r\n\tat org.openqa.selenium.support.pagefactory.DefaultElementLocator.findElement(DefaultElementLocator.java:70)\r\n\tat org.openqa.selenium.support.pagefactory.internal.LocatingElementHandler.invoke(LocatingElementHandler.java:39)\r\n\tat jdk.proxy2/jdk.proxy2.$Proxy41.click(Unknown Source)\r\n\tat pageObjectModel.Register_POM.enter_username(Register_POM.java:43)\r\n\tat stepDefinition.Register_SD.user_clicks_register_button_after_entering_username_as_with_other_fields_empty(Register_SD.java:62)\r\n\tat ✽.User clicks Register button after entering username as \"Numpy@sdet84_1\" with other fields empty(file:///C:/Users/Padma/eclipse-kalpanasworkspace/SDET100/ninja+project/src/test/resources/features/TC2_Register.feature:10)\r\n"},"stage":"finished","steps":[{"name":"Given  User opens Register Page","status":"passed","statusDetails":{"known":false,"muted":false,"flaky":false},"stage":"finished","steps":[],"attachments":[],"parameters":[],"start":1680805412966,"stop":1680805412968},{"name":"When  User clicks Register button after entering username as \"Numpy@sdet84_1\" with other fields empty","status":"broken","statusDetails":{"known":false,"muted":false,"flaky":false,"message":"Unable to find element with locator By.xpath: //input[@id='id_username']\nFor documentation on this error, please visit: https://selenium.dev/exceptions/#no_such_element\nBuild info: version: '4.8.1', revision: '8ebccac989'\nSystem info: os.name: 'Windows 10', os.arch: 'amd64', os.version: '10.0', java.version: '19.0.1'\nDriver info: driver.version: RemoteWebDriver","trace":"org.openqa.selenium.NoSuchElementException: Unable to find element with locator By.xpath: //input[@id='id_username']\nFor documentation on this error, please visit: https://selenium.dev/exceptions/#no_such_element\nBuild info: version: '4.8.1', revision: '8ebccac989'\nSystem info: os.name: 'Windows 10', os.arch: 'amd64', os.version: '10.0', java.version: '19.0.1'\nDriver info: driver.version: RemoteWebDriver\r\n\tat org.openqa.selenium.remote.ElementLocation$ElementFinder$2.findElement(ElementLocation.java:165)\r\n\tat org.openqa.selenium.remote.ElementLocation.findElement(ElementLocation.java:60)\r\n\tat org.openqa.selenium.remote.RemoteWebDriver.findElement(RemoteWebDriver.java:352)\r\n\tat org.openqa.selenium.remote.RemoteWebDriver.findElement(RemoteWebDriver.java:344)\r\n\tat org.openqa.selenium.support.pagefactory.DefaultElementLocator.findElement(DefaultElementLocator.java:70)\r\n\tat org.openqa.selenium.support.pagefactory.internal.LocatingElementHandler.invoke(LocatingElementHandler.java:39)\r\n\tat jdk.proxy2/jdk.proxy2.$Proxy41.click(Unknown Source)\r\n\tat pageObjectModel.Register_POM.enter_username(Register_POM.java:43)\r\n\tat stepDefinition.Register_SD.user_clicks_register_button_after_entering_username_as_with_other_fields_empty(Register_SD.java:62)\r\n\tat ✽.User clicks Register button after entering username as \"Numpy@sdet84_1\" with other fields empty(file:///C:/Users/Padma/eclipse-kalpanasworkspace/SDET100/ninja+project/src/test/resources/features/TC2_Register.feature:10)\r\n"},"stage":"finished","steps":[],"attachments":[],"parameters":[],"start":1680805412969,"stop":1680805421293},{"name":"Then  It should display an error \"Please fill out this field\" below Password textbox","status":"skipped","statusDetails":{"known":false,"muted":false,"flaky":false},"stage":"finished","steps":[],"attachments":[],"parameters":[],"start":1680805421297,"stop":1680805421304}],"attachments":[],"parameters":[],"start":1680805412965,"stop":1680805421306}