{"uuid":"82cf68ff-e879-4cbc-a927-7719f4fd969a","historyId":"7fbac9e61d2d591263062b94a8415f15","fullName":"To verify and validate Registration Page: The user is presented with error message for invalid credentials and successs message for Valid Credentials","labels":[{"name":"host","value":"LAPTOP-O96ATTOQ"},{"name":"thread","value":"49088@LAPTOP-O96ATTOQ.main(1)"},{"name":"feature","value":"To verify and validate Registration Page"},{"name":"story","value":"The user is presented with error message for invalid credentials and successs message for Valid Credentials"},{"name":"suite","value":"To verify and validate Registration Page"},{"name":"testClass","value":"The user is presented with error message for invalid credentials and successs message for Valid Credentials"},{"name":"framework","value":"cucumber4jvm"},{"name":"language","value":"java"},{"name":"gherkin_uri","value":"file:///C:/Users/Padma/eclipse-kalpanasworkspace/SDET100/ninja+project/src/test/resources/features/TC2_Register.feature"},{"name":"package","value":"src.test.resources.features.TC2_Register_feature.To verify and validate Registration Page"}],"links":[],"name":"The user is presented with error message for invalid credentials and successs message for Valid Credentials","status":"broken","statusDetails":{"known":false,"muted":false,"flaky":false,"message":"Unable to find element with locator By.xpath: //input[@id='id_username']\nFor documentation on this error, please visit: https://selenium.dev/exceptions/#no_such_element\nBuild info: version: '4.8.1', revision: '8ebccac989'\nSystem info: os.name: 'Windows 10', os.arch: 'amd64', os.version: '10.0', java.version: '19.0.1'\nDriver info: driver.version: RemoteWebDriver","trace":"org.openqa.selenium.NoSuchElementException: Unable to find element with locator By.xpath: //input[@id='id_username']\nFor documentation on this error, please visit: https://selenium.dev/exceptions/#no_such_element\nBuild info: version: '4.8.1', revision: '8ebccac989'\nSystem info: os.name: 'Windows 10', os.arch: 'amd64', os.version: '10.0', java.version: '19.0.1'\nDriver info: driver.version: RemoteWebDriver\r\n\tat org.openqa.selenium.remote.ElementLocation$ElementFinder$2.findElement(ElementLocation.java:165)\r\n\tat org.openqa.selenium.remote.ElementLocation.findElement(ElementLocation.java:60)\r\n\tat org.openqa.selenium.remote.RemoteWebDriver.findElement(RemoteWebDriver.java:352)\r\n\tat org.openqa.selenium.remote.RemoteWebDriver.findElement(RemoteWebDriver.java:344)\r\n\tat org.openqa.selenium.support.pagefactory.DefaultElementLocator.findElement(DefaultElementLocator.java:70)\r\n\tat org.openqa.selenium.support.pagefactory.internal.LocatingElementHandler.invoke(LocatingElementHandler.java:39)\r\n\tat jdk.proxy2/jdk.proxy2.$Proxy41.click(Unknown Source)\r\n\tat pageObjectModel.Register_POM.enter_username(Register_POM.java:43)\r\n\tat stepDefinition.Register_SD.user_enters_and(Register_SD.java:87)\r\n\tat ✽.User enters \"Numpy@sdet84_1\" ,\"RT56YUabc\" and \"RT56YUabc\"(file:///C:/Users/Padma/eclipse-kalpanasworkspace/SDET100/ninja+project/src/test/resources/features/TC2_Register.feature:20)\r\n"},"stage":"finished","steps":[{"name":"Given  User opens Register Page","status":"passed","statusDetails":{"known":false,"muted":false,"flaky":false},"stage":"finished","steps":[],"attachments":[],"parameters":[],"start":1680805322541,"stop":1680805322543},{"name":"When  User enters \"Numpy@sdet84_1\" ,\"RT56YUabc\" and \"RT56YUabc\"","status":"broken","statusDetails":{"known":false,"muted":false,"flaky":false,"message":"Unable to find element with locator By.xpath: //input[@id='id_username']\nFor documentation on this error, please visit: https://selenium.dev/exceptions/#no_such_element\nBuild info: version: '4.8.1', revision: '8ebccac989'\nSystem info: os.name: 'Windows 10', os.arch: 'amd64', os.version: '10.0', java.version: '19.0.1'\nDriver info: driver.version: RemoteWebDriver","trace":"org.openqa.selenium.NoSuchElementException: Unable to find element with locator By.xpath: //input[@id='id_username']\nFor documentation on this error, please visit: https://selenium.dev/exceptions/#no_such_element\nBuild info: version: '4.8.1', revision: '8ebccac989'\nSystem info: os.name: 'Windows 10', os.arch: 'amd64', os.version: '10.0', java.version: '19.0.1'\nDriver info: driver.version: RemoteWebDriver\r\n\tat org.openqa.selenium.remote.ElementLocation$ElementFinder$2.findElement(ElementLocation.java:165)\r\n\tat org.openqa.selenium.remote.ElementLocation.findElement(ElementLocation.java:60)\r\n\tat org.openqa.selenium.remote.RemoteWebDriver.findElement(RemoteWebDriver.java:352)\r\n\tat org.openqa.selenium.remote.RemoteWebDriver.findElement(RemoteWebDriver.java:344)\r\n\tat org.openqa.selenium.support.pagefactory.DefaultElementLocator.findElement(DefaultElementLocator.java:70)\r\n\tat org.openqa.selenium.support.pagefactory.internal.LocatingElementHandler.invoke(LocatingElementHandler.java:39)\r\n\tat jdk.proxy2/jdk.proxy2.$Proxy41.click(Unknown Source)\r\n\tat pageObjectModel.Register_POM.enter_username(Register_POM.java:43)\r\n\tat stepDefinition.Register_SD.user_enters_and(Register_SD.java:87)\r\n\tat ✽.User enters \"Numpy@sdet84_1\" ,\"RT56YUabc\" and \"RT56YUabc\"(file:///C:/Users/Padma/eclipse-kalpanasworkspace/SDET100/ninja+project/src/test/resources/features/TC2_Register.feature:20)\r\n"},"stage":"finished","steps":[],"attachments":[],"parameters":[],"start":1680805322544,"stop":1680805338878},{"name":"Then  User clicks Register and  validate  \"Username already exists\"","status":"skipped","statusDetails":{"known":false,"muted":false,"flaky":false},"stage":"finished","steps":[],"attachments":[],"parameters":[],"start":1680805338879,"stop":1680805338881}],"attachments":[],"parameters":[{"name":"username","value":"Numpy@sdet84_1"},{"name":"password","value":"RT56YUabc"},{"name":"password_confirmation","value":"RT56YUabc"},{"name":"Message","value":"Username already exists"}],"start":1680805322540,"stop":1680805338892}