{"uuid":"9f0396dc-d423-43d2-83b5-2d3566466800","historyId":"a297336c4dc6bbe21a65fb3a28668f68","fullName":"To verify and validate Registration Page: Read data from Excel for Register page and verify Message","labels":[{"name":"host","value":"LAPTOP-O96ATTOQ"},{"name":"thread","value":"55748@LAPTOP-O96ATTOQ.main(1)"},{"name":"feature","value":"To verify and validate Registration Page"},{"name":"story","value":"Read data from Excel for Register page and verify Message"},{"name":"suite","value":"To verify and validate Registration Page"},{"name":"testClass","value":"Read data from Excel for Register page and verify Message"},{"name":"framework","value":"cucumber4jvm"},{"name":"language","value":"java"},{"name":"gherkin_uri","value":"file:///C:/Users/Padma/eclipse-kalpanasworkspace/SDET100/ninja+project/src/test/resources/features/TC_Register.feature"},{"name":"package","value":"src.test.resources.features.TC_Register_feature.To verify and validate Registration Page"}],"links":[],"name":"Read data from Excel for Register page and verify Message","status":"failed","statusDetails":{"known":false,"muted":false,"flaky":false,"message":"expected [password_mismatch:The two password fields didn’t match.] but found [<Message>]","trace":"java.lang.AssertionError: expected [password_mismatch:The two password fields didn’t match.] but found [<Message>]\r\n\tat org.testng.Assert.fail(Assert.java:110)\r\n\tat org.testng.Assert.failNotEquals(Assert.java:1577)\r\n\tat org.testng.Assert.assertEqualsImpl(Assert.java:149)\r\n\tat org.testng.Assert.assertEquals(Assert.java:131)\r\n\tat org.testng.Assert.assertEquals(Assert.java:655)\r\n\tat org.testng.Assert.assertEquals(Assert.java:665)\r\n\tat stepDefinition.Register_SD.it_should_display(Register_SD.java:144)\r\n\tat ✽.It should display \"<Message>\"(file:///C:/Users/Padma/eclipse-kalpanasworkspace/SDET100/ninja+project/src/test/resources/features/TC_Register.feature:37)\r\n"},"stage":"finished","steps":[{"name":"Given  User opens Register Page","status":"passed","statusDetails":{"known":false,"muted":false,"flaky":false},"stage":"finished","steps":[],"attachments":[],"parameters":[],"start":1680624959085,"stop":1680624959086},{"name":"When  User enters \"Register\" and 2","status":"passed","statusDetails":{"known":false,"muted":false,"flaky":false},"stage":"finished","steps":[],"attachments":[],"parameters":[],"start":1680624959086,"stop":1680624959564},{"name":"And  Clicks on Register buttton","status":"passed","statusDetails":{"known":false,"muted":false,"flaky":false},"stage":"finished","steps":[],"attachments":[],"parameters":[],"start":1680624959565,"stop":1680624959713},{"name":"Then  It should display \"<Message>\"","status":"failed","statusDetails":{"known":false,"muted":false,"flaky":false,"message":"expected [password_mismatch:The two password fields didn’t match.] but found [<Message>]","trace":"java.lang.AssertionError: expected [password_mismatch:The two password fields didn’t match.] but found [<Message>]\r\n\tat org.testng.Assert.fail(Assert.java:110)\r\n\tat org.testng.Assert.failNotEquals(Assert.java:1577)\r\n\tat org.testng.Assert.assertEqualsImpl(Assert.java:149)\r\n\tat org.testng.Assert.assertEquals(Assert.java:131)\r\n\tat org.testng.Assert.assertEquals(Assert.java:655)\r\n\tat org.testng.Assert.assertEquals(Assert.java:665)\r\n\tat stepDefinition.Register_SD.it_should_display(Register_SD.java:144)\r\n\tat ✽.It should display \"<Message>\"(file:///C:/Users/Padma/eclipse-kalpanasworkspace/SDET100/ninja+project/src/test/resources/features/TC_Register.feature:37)\r\n"},"stage":"finished","steps":[],"attachments":[],"parameters":[],"start":1680624959714,"stop":1680624959748}],"attachments":[],"parameters":[{"name":"Sheetname","value":"Register"},{"name":"Rownum","value":"2"}],"start":1680624959085,"stop":1680624959750}