{"uuid":"bb3cf969-3e13-44bd-a3e0-2b8d3ef7def1","historyId":"b0a00e43323acec527886d78a6782375","fullName":"Verifying credentials for Sign in Page: To Verify Signin Page with invalid credentials","labels":[{"name":"host","value":"LAPTOP-O96ATTOQ"},{"name":"thread","value":"54096@LAPTOP-O96ATTOQ.main(1)"},{"name":"feature","value":"Verifying credentials for Sign in Page"},{"name":"story","value":"To Verify Signin Page with invalid credentials"},{"name":"suite","value":"Verifying credentials for Sign in Page"},{"name":"testClass","value":"To Verify Signin Page with invalid credentials"},{"name":"framework","value":"cucumber4jvm"},{"name":"language","value":"java"},{"name":"gherkin_uri","value":"file:///C:/Users/Padma/eclipse-kalpanasworkspace/SDET100/ninja+project/src/test/resources/features/TC_Signin.feature"},{"name":"package","value":"src.test.resources.features.TC_Signin_feature.Verifying credentials for Sign in Page"}],"links":[],"name":"To Verify Signin Page with invalid credentials","status":"broken","statusDetails":{"known":false,"muted":false,"flaky":false,"message":"Unable to find element with locator By.xpath: //div[@class='alert alert-primary']\nFor documentation on this error, please visit: https://selenium.dev/exceptions/#no_such_element\nBuild info: version: '4.8.1', revision: '8ebccac989'\nSystem info: os.name: 'Windows 10', os.arch: 'amd64', os.version: '10.0', java.version: '19.0.1'\nDriver info: driver.version: RemoteWebDriver","trace":"org.openqa.selenium.NoSuchElementException: Unable to find element with locator By.xpath: //div[@class='alert alert-primary']\nFor documentation on this error, please visit: https://selenium.dev/exceptions/#no_such_element\nBuild info: version: '4.8.1', revision: '8ebccac989'\nSystem info: os.name: 'Windows 10', os.arch: 'amd64', os.version: '10.0', java.version: '19.0.1'\nDriver info: driver.version: RemoteWebDriver\r\n\tat org.openqa.selenium.remote.ElementLocation$ElementFinder$2.findElement(ElementLocation.java:165)\r\n\tat org.openqa.selenium.remote.ElementLocation.findElement(ElementLocation.java:60)\r\n\tat org.openqa.selenium.remote.RemoteWebDriver.findElement(RemoteWebDriver.java:352)\r\n\tat org.openqa.selenium.remote.RemoteWebDriver.findElement(RemoteWebDriver.java:344)\r\n\tat org.openqa.selenium.support.pagefactory.DefaultElementLocator.findElement(DefaultElementLocator.java:70)\r\n\tat org.openqa.selenium.support.pagefactory.internal.LocatingElementHandler.invoke(LocatingElementHandler.java:39)\r\n\tat jdk.proxy2/jdk.proxy2.$Proxy41.getText(Unknown Source)\r\n\tat pageObjectModel.SignIn_POM.print_invalid_msg(SignIn_POM.java:61)\r\n\tat stepDefinition.SignIn_SD.it_displays_error_message(SignIn_SD.java:84)\r\n\tat ✽.It displays error message \"Invalid Username and Password\"(file:///C:/Users/Padma/eclipse-kalpanasworkspace/SDET100/ninja+project/src/test/resources/features/TC_Signin.feature:27)\r\n"},"stage":"finished","steps":[{"name":"Given  User is on SignIn Page","status":"passed","statusDetails":{"known":false,"muted":false,"flaky":false},"stage":"finished","steps":[],"attachments":[],"parameters":[],"start":1680547101406,"stop":1680547101533},{"name":"When  User enters \"Radha\" and \"rd_0900\"","status":"passed","statusDetails":{"known":false,"muted":false,"flaky":false},"stage":"finished","steps":[],"attachments":[],"parameters":[],"start":1680547101533,"stop":1680547102019},{"name":"And  Clicks on Login button","status":"passed","statusDetails":{"known":false,"muted":false,"flaky":false},"stage":"finished","steps":[],"attachments":[],"parameters":[],"start":1680547102020,"stop":1680547104403},{"name":"Then  It displays error message \"Invalid Username and Password\"","status":"broken","statusDetails":{"known":false,"muted":false,"flaky":false,"message":"Unable to find element with locator By.xpath: //div[@class='alert alert-primary']\nFor documentation on this error, please visit: https://selenium.dev/exceptions/#no_such_element\nBuild info: version: '4.8.1', revision: '8ebccac989'\nSystem info: os.name: 'Windows 10', os.arch: 'amd64', os.version: '10.0', java.version: '19.0.1'\nDriver info: driver.version: RemoteWebDriver","trace":"org.openqa.selenium.NoSuchElementException: Unable to find element with locator By.xpath: //div[@class='alert alert-primary']\nFor documentation on this error, please visit: https://selenium.dev/exceptions/#no_such_element\nBuild info: version: '4.8.1', revision: '8ebccac989'\nSystem info: os.name: 'Windows 10', os.arch: 'amd64', os.version: '10.0', java.version: '19.0.1'\nDriver info: driver.version: RemoteWebDriver\r\n\tat org.openqa.selenium.remote.ElementLocation$ElementFinder$2.findElement(ElementLocation.java:165)\r\n\tat org.openqa.selenium.remote.ElementLocation.findElement(ElementLocation.java:60)\r\n\tat org.openqa.selenium.remote.RemoteWebDriver.findElement(RemoteWebDriver.java:352)\r\n\tat org.openqa.selenium.remote.RemoteWebDriver.findElement(RemoteWebDriver.java:344)\r\n\tat org.openqa.selenium.support.pagefactory.DefaultElementLocator.findElement(DefaultElementLocator.java:70)\r\n\tat org.openqa.selenium.support.pagefactory.internal.LocatingElementHandler.invoke(LocatingElementHandler.java:39)\r\n\tat jdk.proxy2/jdk.proxy2.$Proxy41.getText(Unknown Source)\r\n\tat pageObjectModel.SignIn_POM.print_invalid_msg(SignIn_POM.java:61)\r\n\tat stepDefinition.SignIn_SD.it_displays_error_message(SignIn_SD.java:84)\r\n\tat ✽.It displays error message \"Invalid Username and Password\"(file:///C:/Users/Padma/eclipse-kalpanasworkspace/SDET100/ninja+project/src/test/resources/features/TC_Signin.feature:27)\r\n"},"stage":"finished","steps":[],"attachments":[],"parameters":[],"start":1680547104403,"stop":1680547114205}],"attachments":[],"parameters":[{"name":"username","value":"Radha"},{"name":"password","value":"rd_0900"}],"start":1680547101405,"stop":1680547114243}