{"uuid":"e645b7aa-06d2-45b5-8ccf-f82d49c56fd9","historyId":"32907cd066b4b5f9c3720c56b7e6e262","fullName":"To verify and validate Registration Page: The user is presented with error message for invalid credentials","labels":[{"name":"host","value":"LAPTOP-O96ATTOQ"},{"name":"thread","value":"44732@LAPTOP-O96ATTOQ.main(1)"},{"name":"feature","value":"To verify and validate Registration Page"},{"name":"story","value":"The user is presented with error message for invalid credentials"},{"name":"suite","value":"To verify and validate Registration Page"},{"name":"testClass","value":"The user is presented with error message for invalid credentials"},{"name":"framework","value":"cucumber4jvm"},{"name":"language","value":"java"},{"name":"gherkin_uri","value":"file:///C:/Users/Padma/eclipse-kalpanasworkspace/SDET100/numpy_ninja_ds_algo/src/test/resources/features/TC_Register.feature"},{"name":"package","value":"C:.Users.Padma.eclipse-kalpanasworkspace.SDET100.numpy_ninja_ds_algo.src.test.resources.features.TC_Register_feature.To verify and validate Registration Page"}],"links":[],"name":"The user is presented with error message for invalid credentials","status":"broken","statusDetails":{"known":false,"muted":false,"flaky":false,"message":"Unable to find element with locator By.xpath: //input[@id='id_password2']\nFor documentation on this error, please visit: https://selenium.dev/exceptions/#no_such_element\nBuild info: version: '4.8.1', revision: '8ebccac989'\nSystem info: os.name: 'Windows 10', os.arch: 'amd64', os.version: '10.0', java.version: '19.0.1'\nDriver info: driver.version: RemoteWebDriver","trace":"org.openqa.selenium.NoSuchElementException: Unable to find element with locator By.xpath: //input[@id='id_password2']\nFor documentation on this error, please visit: https://selenium.dev/exceptions/#no_such_element\nBuild info: version: '4.8.1', revision: '8ebccac989'\nSystem info: os.name: 'Windows 10', os.arch: 'amd64', os.version: '10.0', java.version: '19.0.1'\nDriver info: driver.version: RemoteWebDriver\r\n\tat org.openqa.selenium.remote.ElementLocation$ElementFinder$2.findElement(ElementLocation.java:165)\r\n\tat org.openqa.selenium.remote.ElementLocation.findElement(ElementLocation.java:60)\r\n\tat org.openqa.selenium.remote.RemoteWebDriver.findElement(RemoteWebDriver.java:352)\r\n\tat org.openqa.selenium.remote.RemoteWebDriver.findElement(RemoteWebDriver.java:344)\r\n\tat org.openqa.selenium.support.pagefactory.DefaultElementLocator.findElement(DefaultElementLocator.java:70)\r\n\tat org.openqa.selenium.support.pagefactory.internal.LocatingElementHandler.invoke(LocatingElementHandler.java:39)\r\n\tat jdk.proxy2/jdk.proxy2.$Proxy41.click(Unknown Source)\r\n\tat pageObjectModel.Register_POM.enter_pass_confirm(Register_POM.java:56)\r\n\tat stepDefinition.Register_SD.user_enters_and(Register_SD.java:59)\r\n\tat ✽.User enters \"Numpy@sdet84_1\" ,\"testpassword\" and \"testpassword1\"(file:///C:/Users/Padma/eclipse-kalpanasworkspace/SDET100/numpy_ninja_ds_algo/src/test/resources/features/TC_Register.feature:20)\r\n"},"stage":"finished","steps":[{"name":"Given  User opens Register Page","status":"passed","statusDetails":{"known":false,"muted":false,"flaky":false},"stage":"finished","steps":[],"attachments":[],"parameters":[],"start":1679944371499,"stop":1679944371500},{"name":"When  User enters \"Numpy@sdet84_1\" ,\"testpassword\" and \"testpassword1\"","status":"broken","statusDetails":{"known":false,"muted":false,"flaky":false,"message":"Unable to find element with locator By.xpath: //input[@id='id_password2']\nFor documentation on this error, please visit: https://selenium.dev/exceptions/#no_such_element\nBuild info: version: '4.8.1', revision: '8ebccac989'\nSystem info: os.name: 'Windows 10', os.arch: 'amd64', os.version: '10.0', java.version: '19.0.1'\nDriver info: driver.version: RemoteWebDriver","trace":"org.openqa.selenium.NoSuchElementException: Unable to find element with locator By.xpath: //input[@id='id_password2']\nFor documentation on this error, please visit: https://selenium.dev/exceptions/#no_such_element\nBuild info: version: '4.8.1', revision: '8ebccac989'\nSystem info: os.name: 'Windows 10', os.arch: 'amd64', os.version: '10.0', java.version: '19.0.1'\nDriver info: driver.version: RemoteWebDriver\r\n\tat org.openqa.selenium.remote.ElementLocation$ElementFinder$2.findElement(ElementLocation.java:165)\r\n\tat org.openqa.selenium.remote.ElementLocation.findElement(ElementLocation.java:60)\r\n\tat org.openqa.selenium.remote.RemoteWebDriver.findElement(RemoteWebDriver.java:352)\r\n\tat org.openqa.selenium.remote.RemoteWebDriver.findElement(RemoteWebDriver.java:344)\r\n\tat org.openqa.selenium.support.pagefactory.DefaultElementLocator.findElement(DefaultElementLocator.java:70)\r\n\tat org.openqa.selenium.support.pagefactory.internal.LocatingElementHandler.invoke(LocatingElementHandler.java:39)\r\n\tat jdk.proxy2/jdk.proxy2.$Proxy41.click(Unknown Source)\r\n\tat pageObjectModel.Register_POM.enter_pass_confirm(Register_POM.java:56)\r\n\tat stepDefinition.Register_SD.user_enters_and(Register_SD.java:59)\r\n\tat ✽.User enters \"Numpy@sdet84_1\" ,\"testpassword\" and \"testpassword1\"(file:///C:/Users/Padma/eclipse-kalpanasworkspace/SDET100/numpy_ninja_ds_algo/src/test/resources/features/TC_Register.feature:20)\r\n"},"stage":"finished","steps":[],"attachments":[],"parameters":[],"start":1679944371501,"stop":1679944372353},{"name":"Then  User clicks Register and  validate  \"password_mismatch:The two password fields didn’t match.\"","status":"skipped","statusDetails":{"known":false,"muted":false,"flaky":false},"stage":"finished","steps":[],"attachments":[],"parameters":[],"start":1679944372396,"stop":1679944372399}],"attachments":[],"parameters":[{"name":"username","value":"Numpy@sdet84_1"},{"name":"password","value":"testpassword"},{"name":"password_confirmation","value":"testpassword1"},{"name":"Error Message","value":"password_mismatch:The two password fields didn’t match."}],"start":1679944371498,"stop":1679944372416}